<?xml version="1.0" encoding="UTF-8"?>
<!-- Generated by org.testng.reporters.JUnitReportReporter -->
<testsuite skipped="0" hostname="Suchi" name="extentreports.Addingnewaddress_Excel" tests="1" failures="0" timestamp="2022-06-28T16:45:59 IST" time="14.282" errors="1">
  <testcase name="Addingnewaddress_Excel_test" time="14.282" classname="extentreports.Addingnewaddress_Excel">
    <error type="org.openqa.selenium.ElementClickInterceptedException" message="element click intercepted: Element &lt;input class=&quot;a-button-input&quot; type=&quot;submit&quot; aria-labelledby=&quot;address-ui-widgets-form-submit-button-announce&quot;&gt; is not clickable at point (507, 254). Other element would receive the click: &lt;img alt=&quot;boAt Smart Watch Xtend Sport with 700+ Active Modes,Sporty Design,30 Mins ASAP™ Charge,Live Cricket Scores,1.69&amp;quot; HD Display,C&quot; src=&quot;https://images-eu.ssl-images-amazon.com/images/I/61473VbAggL._AC_UL100_SR100,100_.jpg&quot; class=&quot;a-dynamic-image p13n-sc-dynamic-image p13n-product-image&quot; height=&quot;100px&quot; data-a-dynamic-image=&quot;{&amp;quot;https://images-eu.ssl-images-amazon.com/images/I/61473VbAggL._AC_UL100_SR100,100_.jpg&amp;quot;:[100,100],&amp;quot;https://images-eu.ssl-images-amazon.com/images/I/61473VbAggL._AC_UL200_SR200,200_.jpg&amp;quot;:[200,200],&amp;quot;https://images-eu.ssl-images-amazon.com/images/I/61473VbAggL._AC_UL300_SR300,300_.jpg&amp;quot;:[300,300]}&quot; style=&quot;max-width:100px;max-height:100px&quot;&gt;
  (Session info: chrome=102.0.5005.115)
Build info: version: &#039;3.141.59&#039;, revision: &#039;e82be7d358&#039;, time: &#039;2018-11-14T08:17:03&#039;
System info: host: &#039;SUCHI&#039;, ip: &#039;192.168.0.179&#039;, os.name: &#039;Windows 11&#039;, os.arch: &#039;amd64&#039;, os.version: &#039;10.0&#039;, java.version: &#039;1.8.0_331&#039;
Driver info: org.openqa.selenium.chrome.ChromeDriver
Capabilities {acceptInsecureCerts: false, browserName: chrome, browserVersion: 102.0.5005.115, chrome: {chromedriverVersion: 102.0.5005.61 (0e59bcc00cc4..., userDataDir: C:\Users\HP\AppData\Local\T...}, goog:chromeOptions: {debuggerAddress: localhost:60913}, javascriptEnabled: true, networkConnectionEnabled: false, pageLoadStrategy: normal, platform: WINDOWS, platformName: WINDOWS, proxy: Proxy(), setWindowRect: true, strictFileInteractability: false, timeouts: {implicit: 0, pageLoad: 300000, script: 30000}, unhandledPromptBehavior: dismiss and notify, webauthn:extension:credBlob: true, webauthn:extension:largeBlob: true, webauthn:virtualAuthenticators: true}
Session ID: a2f006c2e0f3ac4c392a873dd090e9f9">
      <![CDATA[org.openqa.selenium.ElementClickInterceptedException: element click intercepted: Element <input class="a-button-input" type="submit" aria-labelledby="address-ui-widgets-form-submit-button-announce"> is not clickable at point (507, 254). Other element would receive the click: <img alt="boAt Smart Watch Xtend Sport with 700+ Active Modes,Sporty Design,30 Mins ASAP™ Charge,Live Cricket Scores,1.69&quot; HD Display,C" src="https://images-eu.ssl-images-amazon.com/images/I/61473VbAggL._AC_UL100_SR100,100_.jpg" class="a-dynamic-image p13n-sc-dynamic-image p13n-product-image" height="100px" data-a-dynamic-image="{&quot;https://images-eu.ssl-images-amazon.com/images/I/61473VbAggL._AC_UL100_SR100,100_.jpg&quot;:[100,100],&quot;https://images-eu.ssl-images-amazon.com/images/I/61473VbAggL._AC_UL200_SR200,200_.jpg&quot;:[200,200],&quot;https://images-eu.ssl-images-amazon.com/images/I/61473VbAggL._AC_UL300_SR300,300_.jpg&quot;:[300,300]}" style="max-width:100px;max-height:100px">
  (Session info: chrome=102.0.5005.115)
Build info: version: '3.141.59', revision: 'e82be7d358', time: '2018-11-14T08:17:03'
System info: host: 'SUCHI', ip: '192.168.0.179', os.name: 'Windows 11', os.arch: 'amd64', os.version: '10.0', java.version: '1.8.0_331'
Driver info: org.openqa.selenium.chrome.ChromeDriver
Capabilities {acceptInsecureCerts: false, browserName: chrome, browserVersion: 102.0.5005.115, chrome: {chromedriverVersion: 102.0.5005.61 (0e59bcc00cc4..., userDataDir: C:\Users\HP\AppData\Local\T...}, goog:chromeOptions: {debuggerAddress: localhost:60913}, javascriptEnabled: true, networkConnectionEnabled: false, pageLoadStrategy: normal, platform: WINDOWS, platformName: WINDOWS, proxy: Proxy(), setWindowRect: true, strictFileInteractability: false, timeouts: {implicit: 0, pageLoad: 300000, script: 30000}, unhandledPromptBehavior: dismiss and notify, webauthn:extension:credBlob: true, webauthn:extension:largeBlob: true, webauthn:virtualAuthenticators: true}
Session ID: a2f006c2e0f3ac4c392a873dd090e9f9
at sun.reflect.NativeConstructorAccessorImpl.newInstance0(Native Method)
at sun.reflect.NativeConstructorAccessorImpl.newInstance(Unknown Source)
at sun.reflect.DelegatingConstructorAccessorImpl.newInstance(Unknown Source)
at java.lang.reflect.Constructor.newInstance(Unknown Source)
at org.openqa.selenium.remote.http.W3CHttpResponseCodec.createException(W3CHttpResponseCodec.java:187)
at org.openqa.selenium.remote.http.W3CHttpResponseCodec.decode(W3CHttpResponseCodec.java:122)
at org.openqa.selenium.remote.http.W3CHttpResponseCodec.decode(W3CHttpResponseCodec.java:49)
at org.openqa.selenium.remote.HttpCommandExecutor.execute(HttpCommandExecutor.java:158)
at org.openqa.selenium.remote.service.DriverCommandExecutor.execute(DriverCommandExecutor.java:83)
at org.openqa.selenium.remote.RemoteWebDriver.execute(RemoteWebDriver.java:552)
at org.openqa.selenium.remote.RemoteWebElement.execute(RemoteWebElement.java:285)
at org.openqa.selenium.remote.RemoteWebElement.click(RemoteWebElement.java:84)
at extentreports.Addingnewaddress_Excel.Addingnewaddress_Excel_test(Addingnewaddress_Excel.java:150)
at sun.reflect.NativeMethodAccessorImpl.invoke0(Native Method)
at sun.reflect.NativeMethodAccessorImpl.invoke(Unknown Source)
at sun.reflect.DelegatingMethodAccessorImpl.invoke(Unknown Source)
at java.lang.reflect.Method.invoke(Unknown Source)
at org.testng.internal.MethodInvocationHelper.invokeMethod(MethodInvocationHelper.java:133)
at org.testng.internal.TestInvoker.invokeMethod(TestInvoker.java:598)
at org.testng.internal.TestInvoker.invokeTestMethod(TestInvoker.java:173)
at org.testng.internal.MethodRunner.runInSequence(MethodRunner.java:46)
at org.testng.internal.TestInvoker$MethodInvocationAgent.invoke(TestInvoker.java:824)
at org.testng.internal.TestInvoker.invokeTestMethods(TestInvoker.java:146)
at org.testng.internal.TestMethodWorker.invokeTestMethods(TestMethodWorker.java:146)
at org.testng.internal.TestMethodWorker.run(TestMethodWorker.java:128)
at java.util.ArrayList.forEach(Unknown Source)
at org.testng.TestRunner.privateRun(TestRunner.java:794)
at org.testng.TestRunner.run(TestRunner.java:596)
at org.testng.SuiteRunner.runTest(SuiteRunner.java:377)
at org.testng.SuiteRunner.runSequentially(SuiteRunner.java:371)
at org.testng.SuiteRunner.privateRun(SuiteRunner.java:332)
at org.testng.SuiteRunner.run(SuiteRunner.java:276)
at org.testng.SuiteRunnerWorker.runSuite(SuiteRunnerWorker.java:53)
at org.testng.SuiteRunnerWorker.run(SuiteRunnerWorker.java:96)
at org.testng.TestNG.runSuitesSequentially(TestNG.java:1212)
at org.testng.TestNG.runSuitesLocally(TestNG.java:1134)
at org.testng.TestNG.runSuites(TestNG.java:1063)
at org.testng.TestNG.run(TestNG.java:1031)
at org.testng.remote.AbstractRemoteTestNG.run(AbstractRemoteTestNG.java:115)
at org.testng.remote.RemoteTestNG.initAndRun(RemoteTestNG.java:251)
at org.testng.remote.RemoteTestNG.main(RemoteTestNG.java:77)
]]>
    </error>
  </testcase> <!-- Addingnewaddress_Excel_test -->
  <system-out/>
</testsuite> <!-- extentreports.Addingnewaddress_Excel -->
