<?xml version="1.0" encoding="UTF-8"?>
<testng-results skipped="0" failed="1" ignored="0" total="2" passed="1">
  <reporter-output>
  </reporter-output>
  <suite name="Default suite" duration-ms="14095" started-at="2022-05-10T15:10:33 IST" finished-at="2022-05-10T15:10:48 IST">
    <groups>
      <group name="cucumber">
        <method signature="AbstractTestNGCucumberTests.runScenario(io.cucumber.testng.PickleWrapper,io.cucumber.testng.FeatureWrapper)[pri:0, instance:parallel.ParallelRun@17695df3]" name="runScenario" class="io.cucumber.testng.AbstractTestNGCucumberTests"/>
      </group> <!-- cucumber -->
    </groups>
    <test name="Default test" duration-ms="14095" started-at="2022-05-10T15:10:33 IST" finished-at="2022-05-10T15:10:48 IST">
      <class name="parallel.ParallelRun">
        <test-method status="PASS" signature="setUpClass()[pri:0, instance:parallel.ParallelRun@17695df3]" name="setUpClass" is-config="true" duration-ms="524" started-at="2022-05-10T15:10:33 IST" finished-at="2022-05-10T15:10:34 IST">
          <reporter-output>
          </reporter-output>
        </test-method> <!-- setUpClass -->
        <test-method status="FAIL" signature="runScenario(io.cucumber.testng.PickleWrapper,io.cucumber.testng.FeatureWrapper)[pri:0, instance:parallel.ParallelRun@17695df3]" name="runScenario" duration-ms="10826" started-at="2022-05-10T15:10:34 IST" description="Runs Cucumber Scenarios" data-provider="scenarios" finished-at="2022-05-10T15:10:45 IST">
          <params>
            <param index="0">
              <value>
                <![CDATA["Home section count"]]>
              </value>
            </param>
            <param index="1">
              <value>
                <![CDATA["Optional[Homepage Feature]"]]>
              </value>
            </param>
          </params>
          <exception class="java.lang.AssertionError">
            <full-stacktrace>
              <![CDATA[java.lang.AssertionError
at org.junit.Assert.fail(Assert.java:86)
at org.junit.Assert.assertTrue(Assert.java:41)
at org.junit.Assert.assertTrue(Assert.java:52)
at parallel.Homepagestepdefinition.accounts_section_count_should_be(Homepagestepdefinition.java:58)
at âœ½.accounts section count should be 11(classpath:parallel/Homepage.feature:23)
]]>
            </full-stacktrace>
          </exception> <!-- java.lang.AssertionError -->
          <reporter-output>
          </reporter-output>
        </test-method> <!-- runScenario -->
        <test-method status="PASS" signature="runScenario(io.cucumber.testng.PickleWrapper,io.cucumber.testng.FeatureWrapper)[pri:0, instance:parallel.ParallelRun@17695df3]" name="runScenario" duration-ms="10061" started-at="2022-05-10T15:10:34 IST" description="Runs Cucumber Scenarios" data-provider="scenarios" finished-at="2022-05-10T15:10:44 IST">
          <params>
            <param index="0">
              <value>
                <![CDATA["Login page title"]]>
              </value>
            </param>
            <param index="1">
              <value>
                <![CDATA["Optional[Login Page Feature]"]]>
              </value>
            </param>
          </params>
          <reporter-output>
          </reporter-output>
        </test-method> <!-- runScenario -->
        <test-method status="PASS" signature="tearDownClass()[pri:0, instance:parallel.ParallelRun@17695df3]" name="tearDownClass" is-config="true" duration-ms="2700" started-at="2022-05-10T15:10:45 IST" finished-at="2022-05-10T15:10:48 IST">
          <reporter-output>
          </reporter-output>
        </test-method> <!-- tearDownClass -->
      </class> <!-- parallel.ParallelRun -->
    </test> <!-- Default test -->
  </suite> <!-- Default suite -->
</testng-results>
